[21:09:26] [main/INFO] (FabricLoader/GameProvider) Loading Minecraft 1.21.4 with Fabric Loader 0.16.10
[21:09:27] [main/WARN] (FabricLoader/Resolution) Warnings were found!
 - Mod 'In-Game Account Switcher' (ias) 9.0.4 recommends any version of modmenu, which is missing!
	 - You should install any version of modmenu for the optimal experience.
[21:09:27] [main/INFO] (FabricLoader) Loading 56 mods:
	- fabric-api 0.119.3+1.21.4
	- fabric-api-base 0.4.54+b47eab6b04
	- fabric-api-lookup-api-v1 1.6.86+b1caf1e904
	- fabric-biome-api-v1 15.0.6+b1c29d8e04
	- fabric-block-api-v1 1.0.31+7feeb73304
	- fabric-block-view-api-v2 1.0.20+9c49cc8c04
	- fabric-blockrenderlayer-v1 2.0.8+7feeb73304
	- fabric-client-gametest-api-v1 4.1.1+6816ccd404
	- fabric-client-tags-api-v1 1.1.29+20ea1e2304
	- fabric-command-api-v1 1.2.62+f71b366f04
	- fabric-command-api-v2 2.2.41+e496eb1504
	- fabric-commands-v0 0.2.79+df3654b304
	- fabric-content-registries-v0 9.1.19+25d1a67604
	- fabric-convention-tags-v1 2.1.20+7f945d5b04
	- fabric-convention-tags-v2 2.14.1+aebda09404
	- fabric-crash-report-info-v1 0.3.6+7feeb73304
	- fabric-data-attachment-api-v1 1.6.2+e99da0f704
	- fabric-data-generation-api-v1 22.3.1+0f4e5f5504
	- fabric-dimensions-v1 4.0.10+7feeb73304
	- fabric-entity-events-v1 2.0.15+62245bef04
	- fabric-events-interaction-v0 4.0.4+a4eebcf004
	- fabric-game-rule-api-v1 1.0.63+7d48d43904
	- fabric-gametest-api-v1 2.0.26+7feeb73304
	- fabric-item-api-v1 11.3.0+ee91fa1f04
	- fabric-item-group-api-v1 4.2.2+fcb9601404
	- fabric-key-binding-api-v1 1.0.57+7d48d43904
	- fabric-keybindings-v0 0.2.55+df3654b304
	- fabric-lifecycle-events-v1 2.5.4+bf2a60eb04
	- fabric-loot-api-v2 3.0.38+3f89f5a504
	- fabric-loot-api-v3 1.0.26+203e6b2304
	- fabric-message-api-v1 6.0.26+238a33c004
	- fabric-model-loading-api-v1 4.3.0+ae23723504
	- fabric-networking-api-v1 4.4.0+db5e668204
	- fabric-object-builder-api-v1 18.0.14+38b0d59804
	- fabric-particles-v1 4.0.14+7feeb73304
	- fabric-recipe-api-v1 8.1.1+640e77ae04
	- fabric-registry-sync-v0 6.1.11+4a9c1ece04
	- fabric-renderer-api-v1 5.0.3+50f0feb204
	- fabric-renderer-indigo 2.0.3+50f0feb204
	- fabric-rendering-data-attachment-v1 0.3.58+73761d2e04
	- fabric-rendering-fluids-v1 3.1.19+7feeb73304
	- fabric-rendering-v1 10.2.1+0d31b09f04
	- fabric-resource-conditions-api-v1 5.0.13+203e6b2304
	- fabric-resource-loader-v0 3.1.1+360374ac04
	- fabric-screen-api-v1 2.0.38+7feeb73304
	- fabric-screen-handler-api-v1 1.3.118+7feeb73304
	- fabric-sound-api-v1 1.0.32+7feeb73304
	- fabric-tag-api-v1 1.0.7+7d48d43904
	- fabric-transfer-api-v1 5.4.9+efa825c904
	- fabric-transitive-access-wideners-v1 6.3.2+56e78b9b04
	- fabricloader 0.16.10
	- ias 9.0.4
	- java 21
	- melody 1.0
	- minecraft 1.21.4
	- mixinextras 0.4.1
[21:09:34] [main/INFO] (FabricLoader/Mixin) SpongePowered MIXIN Subsystem Version=0.8.7 Source=file:/C:/Users/RokBolL/.gradle/caches/modules-2/files-2.1/net.fabricmc/sponge-mixin/0.15.4+mixin.0.8.7/6a12aacc794f1078458433116e9ed42c1cc98096/sponge-mixin-0.15.4+mixin.0.8.7.jar Service=Knot/Fabric Env=CLIENT
[21:09:34] [main/INFO] (FabricLoader/Mixin) Loaded Fabric development mappings for mixin remapper!
[21:09:35] [main/INFO] (FabricLoader/Mixin) Compatibility level set to JAVA_21
[21:09:38] [main/INFO] (FabricLoader/MixinExtras|Service) Initializing MixinExtras via com.llamalad7.mixinextras.service.MixinExtrasServiceImpl(version=0.4.1).
[21:09:41] [Datafixer Bootstrap/INFO] (Minecraft) 243 Datafixer optimizations took 1658 milliseconds
[21:09:50] [Render thread/INFO] (Minecraft) Environment: Environment[sessionHost=https://sessionserver.mojang.com, servicesHost=https://api.minecraftservices.com, name=PROD]
[21:09:50] [Render thread/INFO] (Minecraft) Setting user: Player415
[21:09:51] [Render thread/INFO] (IAS/IASMinecraft) IAS: Booting up... (version: 9.0.4, loader: Fabric, loader version: 0.16.10, game version: 1.21.4)
[21:09:51] [Render thread/INFO] (IAS) IAS: Initializing IAS...
[21:09:51] [Render thread/INFO] (IAS) IAS: IAS has been loaded.
[21:09:51] [Render thread/INFO] (Indigo) [Indigo] Registering Indigo renderer!
[21:09:52] [Render thread/INFO] (Minecraft) Backend library: LWJGL version 3.3.3-snapshot
[21:09:54] [Render thread/INFO] (Minecraft) Reloading ResourceManager: vanilla, fabric, fabric-api, fabric-api-base, fabric-api-lookup-api-v1, fabric-biome-api-v1, fabric-block-api-v1, fabric-block-view-api-v2, fabric-blockrenderlayer-v1, fabric-client-gametest-api-v1, fabric-client-tags-api-v1, fabric-command-api-v1, fabric-command-api-v2, fabric-commands-v0, fabric-content-registries-v0, fabric-convention-tags-v1, fabric-convention-tags-v2, fabric-crash-report-info-v1, fabric-data-attachment-api-v1, fabric-data-generation-api-v1, fabric-dimensions-v1, fabric-entity-events-v1, fabric-events-interaction-v0, fabric-game-rule-api-v1, fabric-gametest-api-v1, fabric-item-api-v1, fabric-item-group-api-v1, fabric-key-binding-api-v1, fabric-keybindings-v0, fabric-lifecycle-events-v1, fabric-loot-api-v2, fabric-loot-api-v3, fabric-message-api-v1, fabric-model-loading-api-v1, fabric-networking-api-v1, fabric-object-builder-api-v1, fabric-particles-v1, fabric-recipe-api-v1, fabric-registry-sync-v0, fabric-renderer-api-v1, fabric-renderer-indigo, fabric-rendering-data-attachment-v1, fabric-rendering-fluids-v1, fabric-rendering-v1, fabric-resource-conditions-api-v1, fabric-resource-loader-v0, fabric-screen-api-v1, fabric-screen-handler-api-v1, fabric-sound-api-v1, fabric-tag-api-v1, fabric-transfer-api-v1, fabric-transitive-access-wideners-v1, fabricloader, ias, melody
[21:09:54] [Worker-Main-1/INFO] (Minecraft) Found unifont_all_no_pua-16.0.01.hex, loading
[21:09:54] [Worker-Main-1/INFO] (Minecraft) Found unifont_jp_patch-16.0.01.hex, loading
[21:09:57] [Render thread/INFO] (Minecraft) OpenAL initialized on device OpenAL Soft on Динамики (2- USB Audio Device)
[21:09:57] [Render thread/INFO] (Minecraft) Sound engine started
[21:09:57] [Render thread/INFO] (Minecraft) Created: 1024x512x4 minecraft:textures/atlas/blocks.png-atlas
[21:09:57] [Render thread/INFO] (Minecraft) Created: 256x256x4 minecraft:textures/atlas/signs.png-atlas
[21:09:57] [Render thread/INFO] (Minecraft) Created: 512x512x4 minecraft:textures/atlas/shield_patterns.png-atlas
[21:09:57] [Render thread/INFO] (Minecraft) Created: 512x512x4 minecraft:textures/atlas/banner_patterns.png-atlas
[21:09:57] [Render thread/INFO] (Minecraft) Created: 2048x1024x4 minecraft:textures/atlas/armor_trims.png-atlas
[21:09:57] [Render thread/INFO] (Minecraft) Created: 128x64x4 minecraft:textures/atlas/decorated_pot.png-atlas
[21:09:57] [Render thread/INFO] (Minecraft) Created: 256x256x4 minecraft:textures/atlas/chest.png-atlas
[21:09:57] [Render thread/INFO] (Minecraft) Created: 512x256x4 minecraft:textures/atlas/shulker_boxes.png-atlas
[21:09:57] [Render thread/INFO] (Minecraft) Created: 512x256x4 minecraft:textures/atlas/beds.png-atlas
[21:09:57] [Render thread/INFO] (Minecraft) Created: 64x64x0 minecraft:textures/atlas/map_decorations.png-atlas
[21:09:57] [Render thread/INFO] (Minecraft) Created: 512x256x0 minecraft:textures/atlas/particles.png-atlas
[21:09:57] [Render thread/INFO] (Minecraft) Created: 512x256x0 minecraft:textures/atlas/paintings.png-atlas
[21:09:57] [Render thread/INFO] (Minecraft) Created: 256x128x0 minecraft:textures/atlas/mob_effects.png-atlas
[21:09:57] [Render thread/INFO] (Minecraft) Created: 1024x512x0 minecraft:textures/atlas/gui.png-atlas
[21:10:03] [Render thread/INFO] (IAS/IASMinecraft) IAS: Received login request: LoginData{name='svinkacosmo', uuid=02dc41d3-b64c-3e33-a18e-f2bf1226f0a9, token=[TOKEN], online=false}
[21:10:03] [IAS/INFO] (IAS/IASMinecraft) IAS: Creating user...
[21:10:03] [Render thread/INFO] (IAS/IASMinecraft) IAS: Flushing user...
[21:10:03] [Render thread/INFO] (IAS/IASMinecraft) IAS: Flushed user.
[21:10:05] [Render thread/INFO] (Minecraft) Connecting to mc.funtime.su, 25565
[21:10:07] [Render thread/INFO] (Minecraft) [System] [CHAT] [✾] Успешная авторизация! Приятной игры!
[21:10:07] [Render thread/INFO] (Minecraft) [System] [CHAT] ╔════ ★ FunTime.su ★ ════╗
[21:10:07] [Render thread/INFO] (Minecraft) [System] [CHAT] ║
[21:10:07] [Render thread/INFO] (Minecraft) [System] [CHAT] ║  Добро пожаловать на FunTime
[21:10:07] [Render thread/INFO] (Minecraft) [System] [CHAT] ║  Наши социальные сети – /links
[21:10:07] [Render thread/INFO] (Minecraft) [System] [CHAT] ║  Приятной игры и новых побед!
[21:10:07] [Render thread/INFO] (Minecraft) [System] [CHAT] ║
[21:10:07] [Render thread/INFO] (Minecraft) [System] [CHAT] ╚═══════════════════╝
[21:10:09] [Render thread/INFO] (Minecraft) Loaded 0 advancements
[21:10:09] [Render thread/WARN] (Minecraft) Ignoring player info update for unknown player 0c74d9b2-fbb3-33cb-b4a2-c505e22f90c8 ([UPDATE_GAME_MODE])
[21:10:09] [Render thread/INFO] (Minecraft) Loaded 2 advancements
[21:10:10] [Render thread/INFO] (Minecraft) [STDOUT]: АЛО ПРОСЫПАЙСЯ ИНИТ true
[21:10:11] [Render thread/INFO] (Minecraft) [System] [CHAT] ** ! Внимание !\n** Чтобы ваш Аккаунт был в БЕЗОПАСНОСТИ!\n** Привяжите его к ВК: /vk \n** Или к Телеграм: /tg \n \n** ! Внимание !\n** Чтобы ваш Аккаунт был в БЕЗОПАСНОСТИ!\n** Привяжите его к ВК: /vk \n** Или к Телеграм: /tg 
[21:10:15] [Render thread/INFO] (Minecraft) [STDOUT]: [Localization] Начинаем загрузку всех переводов...
[21:10:15] [Render thread/INFO] (Minecraft) [STDOUT]: [Localization] Загружаем язык: en_us
[21:10:15] [Render thread/INFO] (Minecraft) [STDOUT]: [Localization] Загружаем язык: ru_ru
[21:10:15] [Render thread/INFO] (Minecraft) [STDOUT]: [Localization] Все переводы загружены.
[21:10:16] [Render thread/INFO] (Minecraft) [STDOUT]: [DEBUG] Module Interface activated!
[21:10:22] [Render thread/INFO] (Minecraft) [STDOUT]: [DEBUG] Module FixMovement activated!
[21:10:23] [Render thread/INFO] (Minecraft) [STDOUT]: [DEBUG] Module Aura activated!
[21:10:23] [Render thread/INFO] (Minecraft) [STDOUT]: [DEBUG] Module Sprint activated!
[21:10:23] [Render thread/WARN] (Minecraft) Ignoring player info update for unknown player 0b4218a3-28be-3f8f-a066-210ac2c847fb ([UPDATE_GAME_MODE])
[21:10:23] [Render thread/WARN] (Minecraft) Ignoring player info update for unknown player 314f6273-bd28-3761-afc9-4942bb880fcf ([UPDATE_GAME_MODE])
[21:10:24] [Render thread/WARN] (Minecraft) Ignoring player info update for unknown player ac4be705-be6e-3a69-abde-de0765711a45 ([UPDATE_GAME_MODE])
[21:10:24] [Render thread/WARN] (Minecraft) Ignoring player info update for unknown player 4c904ccc-ce43-360e-b67c-ec78b3108500 ([UPDATE_GAME_MODE])
[21:10:24] [Render thread/WARN] (Minecraft) Ignoring player info update for unknown player 78f6ae44-1f36-398c-baa8-0763f18a4450 ([UPDATE_GAME_MODE])
[21:10:24] [Render thread/WARN] (Minecraft) Ignoring player info update for unknown player 880f0118-10b0-3ec4-a2e0-5287748daad8 ([UPDATE_GAME_MODE])
[21:10:24] [Render thread/WARN] (Minecraft) Ignoring player info update for unknown player d4a58e63-b18c-3639-b9e9-e715fb43786b ([UPDATE_GAME_MODE])
[21:10:30] [Render thread/INFO] (Minecraft) [System] [CHAT]  
[21:10:30] [Render thread/INFO] (Minecraft) [System] [CHAT]  ⚡ Наш Телеграм t.me/funtime
[21:10:30] [Render thread/INFO] (Minecraft) [System] [CHAT]  
[21:10:31] [Render thread/WARN] (Minecraft) Ignoring player info update for unknown player 3d7111e8-61f7-3681-8c13-7612bb5d8c2e ([UPDATE_GAME_MODE])
[21:10:31] [Render thread/WARN] (Minecraft) Ignoring player info update for unknown player fbd5f1ea-a94b-3c28-9d95-9415d8c660a6 ([UPDATE_GAME_MODE])
[21:10:32] [Render thread/WARN] (Minecraft) Ignoring player info update for unknown player 3b8660ce-4489-3901-b5d8-99a9e3f6e014 ([UPDATE_GAME_MODE])
[21:10:32] [Render thread/WARN] (Minecraft) Ignoring player info update for unknown player e5852a18-abc9-341c-ad1c-8bf27a78312c ([UPDATE_GAME_MODE])
[21:10:32] [Render thread/WARN] (Minecraft) Ignoring player info update for unknown player b2b4ffbb-275b-392e-be74-d0733017054d ([UPDATE_GAME_MODE])
[21:10:36] [Render thread/WARN] (Minecraft) Ignoring player info update for unknown player bab5911a-8045-3b5c-89d9-0cd340bdf2cc ([UPDATE_GAME_MODE])
[21:10:36] [Render thread/WARN] (Minecraft) Ignoring player info update for unknown player c6996a1f-d878-3b2c-b221-7ca4b5af092f ([UPDATE_GAME_MODE])
[21:10:36] [Render thread/WARN] (Minecraft) Ignoring player info update for unknown player d2aa2ceb-07e8-3b4d-81d8-2121e64bedbd ([UPDATE_GAME_MODE])
[21:10:37] [Render thread/WARN] (Minecraft) Ignoring player info update for unknown player 0c940184-2289-3389-a273-fa23c92dc747 ([UPDATE_GAME_MODE])
[21:10:37] [Render thread/WARN] (Minecraft) Ignoring player info update for unknown player c6bb22ac-1cc8-3e76-a2e3-0d401fda2dda ([UPDATE_GAME_MODE])
[21:10:59] [Render thread/WARN] (Minecraft) Ignoring player info update for unknown player c0218699-692f-393f-bf0d-b8229a758976 ([UPDATE_GAME_MODE])
[21:11:00] [Render thread/INFO] (Minecraft) [System] [CHAT]  
[21:11:00] [Render thread/INFO] (Minecraft) [System] [CHAT]  ⚡ Наш Дискорд dd.FunTime.su
[21:11:00] [Render thread/INFO] (Minecraft) [System] [CHAT]  
[21:11:04] [Render thread/WARN] (Minecraft) Ignoring player info update for unknown player e57d72cc-1c56-3b44-8576-146067101ed2 ([UPDATE_GAME_MODE])
[21:11:08] [Render thread/WARN] (Minecraft) Ignoring player info update for unknown player bb3f766f-bf2a-3007-960a-e7f1a384bbb1 ([UPDATE_GAME_MODE])
[21:11:08] [Render thread/WARN] (Minecraft) Ignoring player info update for unknown player ae432993-cca2-33e6-8452-2660ed7cabb8 ([UPDATE_GAME_MODE])
[21:11:08] [Render thread/WARN] (Minecraft) Ignoring player info update for unknown player ed768447-688c-3fb5-aaaa-885227455128 ([UPDATE_GAME_MODE])
[21:11:09] [Render thread/WARN] (Minecraft) Ignoring player info update for unknown player 944444fe-35f2-3924-8551-320a4e77e0dc ([UPDATE_GAME_MODE])
[21:11:09] [Render thread/WARN] (Minecraft) Ignoring player info update for unknown player ed338bcf-304f-315f-b7d3-03c68195480f ([UPDATE_GAME_MODE])
[21:11:09] [Render thread/WARN] (Minecraft) Ignoring player info update for unknown player e260473a-5672-35de-a361-d2c2215ba4bf ([UPDATE_GAME_MODE])
[21:11:09] [Render thread/WARN] (Minecraft) Ignoring player info update for unknown player 73fc2edc-fd8d-3c87-b075-d90401367d97 ([UPDATE_GAME_MODE])
[21:11:12] [Render thread/INFO] (Minecraft) [System] [CHAT] Присоединяйся к нам, вводи /links
[21:11:12] [Render thread/INFO] (Minecraft) [System] [CHAT] FunTime.su
[21:11:19] [Render thread/WARN] (Minecraft) Ignoring player info update for unknown player c719d7b1-7e70-36f0-a62e-c84dc5a3e219 ([UPDATE_GAME_MODE])
[21:11:23] [Render thread/WARN] (Minecraft) Ignoring player info update for unknown player ae432993-cca2-33e6-8452-2660ed7cabb8 ([UPDATE_GAME_MODE])
[21:11:23] [Render thread/WARN] (Minecraft) Ignoring player info update for unknown player bd432801-4f5c-33f5-a351-ec2a5d1b5bd4 ([UPDATE_GAME_MODE])
[21:11:24] [Render thread/WARN] (Minecraft) Ignoring player info update for unknown player 1e8a8de5-fac2-3793-8a2d-af09379a5e78 ([UPDATE_GAME_MODE])
[21:11:24] [Render thread/WARN] (Minecraft) Ignoring player info update for unknown player be80f0f4-8798-34cd-97ee-c20cfdcec836 ([UPDATE_GAME_MODE])
[21:11:24] [Render thread/WARN] (Minecraft) Ignoring player info update for unknown player dac7ccb0-7ca8-3677-b2bc-b37d1d6af2c7 ([UPDATE_GAME_MODE])
[21:11:24] [Render thread/WARN] (Minecraft) Ignoring player info update for unknown player 844570b4-11f6-395d-b26a-4c09fdf5b7c6 ([UPDATE_GAME_MODE])
[21:11:24] [Render thread/WARN] (Minecraft) Ignoring player info update for unknown player 031c222b-095f-374c-9066-e5518fa40140 ([UPDATE_GAME_MODE])
[21:11:24] [Render thread/WARN] (Minecraft) Ignoring player info update for unknown player 3931269a-5f5d-31f7-9eef-7ba63676084c ([UPDATE_GAME_MODE])
[21:11:30] [Render thread/INFO] (Minecraft) [System] [CHAT]  
[21:11:30] [Render thread/INFO] (Minecraft) [System] [CHAT]  ⚡ Наша группа ВК vk.com/funtime
[21:11:30] [Render thread/INFO] (Minecraft) [System] [CHAT]  
[21:11:32] [Render thread/WARN] (Minecraft) Ignoring player info update for unknown player 083968d5-d970-3c84-951a-8d74ee41d0b2 ([UPDATE_GAME_MODE])
[21:11:51] [Render thread/WARN] (Minecraft) Ignoring player info update for unknown player 5dd8f84e-fae3-387a-a892-a49fdc0c0424 ([UPDATE_GAME_MODE])
[21:11:52] [Render thread/WARN] (Minecraft) Ignoring player info update for unknown player c0218699-692f-393f-bf0d-b8229a758976 ([UPDATE_GAME_MODE])
[21:11:52] [Render thread/WARN] (Minecraft) Ignoring player info update for unknown player c769fda1-96fd-32b1-8fd5-41e1e91bdfee ([UPDATE_GAME_MODE])
[21:11:56] [Render thread/WARN] (Minecraft) Ignoring player info update for unknown player c719d7b1-7e70-36f0-a62e-c84dc5a3e219 ([UPDATE_GAME_MODE])
[21:12:00] [Render thread/INFO] (Minecraft) [System] [CHAT]  
[21:12:00] [Render thread/INFO] (Minecraft) [System] [CHAT]  ⚡ Наша группа ВК vk.com/funtime
[21:12:00] [Render thread/INFO] (Minecraft) [System] [CHAT]  
[21:12:01] [Render thread/WARN] (Minecraft) Ignoring player info update for unknown player a9d393fa-b50a-3629-8099-5fe816918af7 ([UPDATE_GAME_MODE])
[21:12:25] [Render thread/WARN] (Minecraft) Ignoring player info update for unknown player 59cc0b2c-4460-3878-a573-a95bd77262e9 ([UPDATE_GAME_MODE])
[21:12:27] [Render thread/WARN] (Minecraft) Ignoring player info update for unknown player 500a6ff9-b7e0-36d9-a4d3-1ca664dfe4e4 ([UPDATE_GAME_MODE])
[21:12:27] [Render thread/WARN] (Minecraft) Ignoring player info update for unknown player e03bfe8a-bbb4-3c33-8e70-b951988126f4 ([UPDATE_GAME_MODE])
[21:12:27] [Render thread/WARN] (Minecraft) Ignoring player info update for unknown player 413ab521-c1a0-3690-ba56-c00b54cd2806 ([UPDATE_GAME_MODE])
[21:12:30] [Render thread/INFO] (Minecraft) [System] [CHAT]  
[21:12:30] [Render thread/INFO] (Minecraft) [System] [CHAT]  ⚡ Наши сообщества и соц. сети /links
[21:12:30] [Render thread/INFO] (Minecraft) [System] [CHAT]  
[21:12:33] [Render thread/WARN] (Minecraft) Ignoring player info update for unknown player cf1b5ee2-5728-39d7-8a71-7c1bffa6b03d ([UPDATE_GAME_MODE])
[21:12:33] [Render thread/WARN] (Minecraft) Ignoring player info update for unknown player 84af01dc-e7c2-38f1-b583-aa80474a5eba ([UPDATE_GAME_MODE])
[21:12:34] [Render thread/WARN] (Minecraft) Ignoring player info update for unknown player 571a60fe-c812-376e-a7cc-52c3262d6423 ([UPDATE_GAME_MODE])
[21:12:34] [Render thread/WARN] (Minecraft) Ignoring player info update for unknown player a84a3e3a-34b7-38ab-b9ee-b811cb4faa59 ([UPDATE_GAME_MODE])
[21:12:34] [Render thread/WARN] (Minecraft) Ignoring player info update for unknown player 5457c810-70cd-3ba3-b0e4-48425e523d9a ([UPDATE_GAME_MODE])
[21:12:46] [Render thread/WARN] (Minecraft) Ignoring player info update for unknown player b7bc6171-302a-3005-b036-b98095003a47 ([UPDATE_GAME_MODE])
[21:12:50] [Render thread/WARN] (Minecraft) Ignoring player info update for unknown player a0f50343-4c68-3e81-a6e8-4479dfae9e02 ([UPDATE_GAME_MODE])
[21:12:50] [Render thread/WARN] (Minecraft) Ignoring player info update for unknown player df45aa47-3c26-3752-93c3-e870bd8c6927 ([UPDATE_GAME_MODE])
[21:12:50] [Render thread/WARN] (Minecraft) Ignoring player info update for unknown player 596eb4c3-34e6-31b3-bb81-8ba3d6cdb629 ([UPDATE_GAME_MODE])
[21:13:00] [Render thread/INFO] (Minecraft) [System] [CHAT]  
[21:13:00] [Render thread/INFO] (Minecraft) [System] [CHAT]  ⚡ Наш Телеграм t.me/funtime
[21:13:00] [Render thread/INFO] (Minecraft) [System] [CHAT]  
[21:13:10] [Render thread/WARN] (Minecraft) Ignoring player info update for unknown player 59cc0b2c-4460-3878-a573-a95bd77262e9 ([UPDATE_GAME_MODE])
[21:13:10] [Render thread/WARN] (Minecraft) Ignoring player info update for unknown player 04e1d2fd-9c2d-3248-a595-d0620e3b29b5 ([UPDATE_GAME_MODE])
[21:13:10] [Render thread/WARN] (Minecraft) Ignoring player info update for unknown player 60fb02fb-45e6-32b7-a88d-24880a307f4d ([UPDATE_GAME_MODE])
[21:13:10] [Render thread/WARN] (Minecraft) Ignoring player info update for unknown player 2120dc90-c79e-3f56-ae62-b624b4f1d875 ([UPDATE_GAME_MODE])
[21:13:18] [Render thread/WARN] (Minecraft) Ignoring player info update for unknown player 5eb7010c-6aab-3fa3-b2b1-d6224c5e86e0 ([UPDATE_GAME_MODE])
[21:13:24] [Render thread/WARN] (Minecraft) Ignoring player info update for unknown player a9d393fa-b50a-3629-8099-5fe816918af7 ([UPDATE_GAME_MODE])
[21:13:24] [Render thread/WARN] (Minecraft) Ignoring player info update for unknown player e57d72cc-1c56-3b44-8576-146067101ed2 ([UPDATE_GAME_MODE])
[21:13:30] [Render thread/INFO] (Minecraft) [System] [CHAT]  
[21:13:30] [Render thread/INFO] (Minecraft) [System] [CHAT]  ⚡ Вы играете на FunTime! play.funtime.su
[21:13:30] [Render thread/INFO] (Minecraft) [System] [CHAT]  
[21:13:41] [Render thread/WARN] (Minecraft) Ignoring player info update for unknown player 904810e7-f74e-3be5-a1d4-470245977879 ([UPDATE_GAME_MODE])
[21:13:41] [Render thread/WARN] (Minecraft) Ignoring player info update for unknown player c41c4017-a9b5-314f-b62e-f08df3a679c2 ([UPDATE_GAME_MODE])
[21:13:41] [Render thread/WARN] (Minecraft) Ignoring player info update for unknown player b9f49d97-d8a5-3ef2-90fe-247446ee64df ([UPDATE_GAME_MODE])
[21:13:41] [Render thread/WARN] (Minecraft) Ignoring player info update for unknown player 2c4a9092-054f-304d-80ed-cad20980ec8b ([UPDATE_GAME_MODE])
[21:13:41] [Render thread/WARN] (Minecraft) Ignoring player info update for unknown player 6de54a36-7018-39fa-b2e7-5fa4d3082ca6 ([UPDATE_GAME_MODE])
[21:13:42] [Render thread/WARN] (Minecraft) Ignoring player info update for unknown player 22e52335-cd9c-390f-82a1-ac452113999e ([UPDATE_GAME_MODE])
[21:13:42] [Render thread/WARN] (Minecraft) Ignoring player info update for unknown player b6a6bf60-31ff-38ac-a8c8-a830572eeea7 ([UPDATE_GAME_MODE])
[21:13:42] [Render thread/WARN] (Minecraft) Ignoring player info update for unknown player c719d7b1-7e70-36f0-a62e-c84dc5a3e219 ([UPDATE_GAME_MODE])
[21:13:51] [Render thread/WARN] (Minecraft) Ignoring player info update for unknown player 70324d95-a0ed-3bcf-83a6-92d7b3148e85 ([UPDATE_GAME_MODE])
[21:13:52] [Render thread/WARN] (Minecraft) Ignoring player info update for unknown player e6053578-7ff7-3bcd-b675-d39fdf1a2fbe ([UPDATE_GAME_MODE])
[21:13:53] [Render thread/WARN] (Minecraft) Ignoring player info update for unknown player 40b97b52-affd-3395-b84d-b1acf0b5e8aa ([UPDATE_GAME_MODE])
[21:13:53] [Render thread/WARN] (Minecraft) Ignoring player info update for unknown player 177dc4ac-8dea-3072-8c7e-7c08925102d7 ([UPDATE_GAME_MODE])
[21:14:00] [Render thread/INFO] (Minecraft) [System] [CHAT]  
[21:14:00] [Render thread/INFO] (Minecraft) [System] [CHAT]  ⚡ Наш Дискорд dd.FunTime.su
[21:14:00] [Render thread/INFO] (Minecraft) [System] [CHAT]  
[21:14:19] [Render thread/WARN] (Minecraft) Ignoring player info update for unknown player c769fda1-96fd-32b1-8fd5-41e1e91bdfee ([UPDATE_GAME_MODE])
[21:14:25] [Render thread/WARN] (Minecraft) Ignoring player info update for unknown player a9d393fa-b50a-3629-8099-5fe816918af7 ([UPDATE_GAME_MODE])
[21:14:26] [Render thread/WARN] (Minecraft) Ignoring player info update for unknown player c769fda1-96fd-32b1-8fd5-41e1e91bdfee ([UPDATE_GAME_MODE])
[21:14:30] [Render thread/INFO] (Minecraft) [System] [CHAT]  
[21:14:30] [Render thread/INFO] (Minecraft) [System] [CHAT]  ⚡ Вы играете на FunTime! play.funtime.su
[21:14:30] [Render thread/INFO] (Minecraft) [System] [CHAT]  
[21:14:35] [Render thread/WARN] (Minecraft) Ignoring player info update for unknown player 7840c1a5-016e-3b8a-8aba-d9ff978b9103 ([UPDATE_GAME_MODE])
[21:14:35] [Render thread/WARN] (Minecraft) Ignoring player info update for unknown player 97a8358a-11b6-3220-a9c2-0c31aef45383 ([UPDATE_GAME_MODE])
[21:14:36] [Render thread/WARN] (Minecraft) Ignoring player info update for unknown player ae432993-cca2-33e6-8452-2660ed7cabb8 ([UPDATE_GAME_MODE])
[21:14:36] [Render thread/WARN] (Minecraft) Ignoring player info update for unknown player 1fa7fa12-406e-3e9f-bdf3-9852e9d6b08a ([UPDATE_GAME_MODE])
[21:14:36] [Render thread/WARN] (Minecraft) Ignoring player info update for unknown player b5690023-8501-384c-863c-a8c950bdc954 ([UPDATE_GAME_MODE])
[21:14:50] [Render thread/WARN] (Minecraft) Ignoring player info update for unknown player 2e7810c3-1f36-3dc6-86cd-1f524003b4c2 ([UPDATE_GAME_MODE])
[21:14:51] [Render thread/INFO] (Minecraft) [STDOUT]: [DEBUG] Module Aura deactivated!
[21:14:53] [Render thread/INFO] (Minecraft) [STDOUT]: [DEBUG] Module Aura activated!
[21:14:58] [Render thread/INFO] (Minecraft) [STDOUT]: [DEBUG] Module Aura deactivated!
[21:15:00] [Render thread/INFO] (Minecraft) [System] [CHAT]  
[21:15:00] [Render thread/INFO] (Minecraft) [System] [CHAT]  ⚡ Наш Дискорд dd.FunTime.su
[21:15:00] [Render thread/INFO] (Minecraft) [System] [CHAT]  
[21:15:02] [Render thread/WARN] (Minecraft) Ignoring player info update for unknown player e57d72cc-1c56-3b44-8576-146067101ed2 ([UPDATE_GAME_MODE])
[21:15:10] [Render thread/WARN] (Minecraft) Ignoring player info update for unknown player 17d9cc15-d2c4-3cf3-8b24-bc4fa39d2a3f ([UPDATE_GAME_MODE])
[21:15:19] [Render thread/INFO] (Minecraft) [System] [CHAT] Присоединяйся к нам, вводи /links
[21:15:19] [Render thread/INFO] (Minecraft) [System] [CHAT] FunTime.su
[21:15:20] [Render thread/INFO] (Minecraft) [System] [CHAT] Присоединяйся к нам, вводи /links
[21:15:20] [Render thread/INFO] (Minecraft) [System] [CHAT] FunTime.su
[21:15:20] [Render thread/INFO] (Minecraft) [System] [CHAT] Присоединяйся к нам, вводи /links
[21:15:20] [Render thread/INFO] (Minecraft) [System] [CHAT] FunTime.su
[21:15:22] [Render thread/INFO] (Minecraft) [System] [CHAT] Присоединяйся к нам, вводи /links
[21:15:22] [Render thread/INFO] (Minecraft) [System] [CHAT] FunTime.su
[21:15:23] [Render thread/INFO] (Minecraft) [System] [CHAT] Присоединяйся к нам, вводи /links
[21:15:23] [Render thread/INFO] (Minecraft) [System] [CHAT] FunTime.su
[21:15:24] [Render thread/INFO] (Minecraft) [System] [CHAT] Присоединяйся к нам, вводи /links
[21:15:24] [Render thread/INFO] (Minecraft) [System] [CHAT] FunTime.su
[21:15:24] [Render thread/INFO] (Minecraft) [System] [CHAT] Присоединяйся к нам, вводи /links
[21:15:24] [Render thread/INFO] (Minecraft) [System] [CHAT] FunTime.su
[21:15:25] [Render thread/INFO] (Minecraft) [System] [CHAT] Присоединяйся к нам, вводи /links
[21:15:25] [Render thread/INFO] (Minecraft) [System] [CHAT] FunTime.su
[21:15:25] [Render thread/INFO] (Minecraft) [STDOUT]: [DEBUG] Module Aura activated!
[21:15:25] [Render thread/INFO] (Minecraft) [System] [CHAT] Присоединяйся к нам, вводи /links
[21:15:25] [Render thread/INFO] (Minecraft) [System] [CHAT] FunTime.su
[21:15:26] [Render thread/INFO] (Minecraft) [System] [CHAT] Присоединяйся к нам, вводи /links
[21:15:26] [Render thread/INFO] (Minecraft) [System] [CHAT] FunTime.su
[21:15:27] [Render thread/INFO] (Minecraft) [System] [CHAT] Присоединяйся к нам, вводи /links
[21:15:27] [Render thread/INFO] (Minecraft) [System] [CHAT] FunTime.su
[21:15:27] [Render thread/INFO] (Minecraft) [System] [CHAT] Присоединяйся к нам, вводи /links
[21:15:27] [Render thread/INFO] (Minecraft) [System] [CHAT] FunTime.su
[21:15:28] [Render thread/INFO] (Minecraft) [STDOUT]: [DEBUG] Module Aura deactivated!
[21:15:30] [Render thread/INFO] (Minecraft) [System] [CHAT]  
[21:15:30] [Render thread/INFO] (Minecraft) [System] [CHAT]  ⚡ Вы играете на FunTime! play.funtime.su
[21:15:30] [Render thread/INFO] (Minecraft) [System] [CHAT]  
[21:15:32] [Render thread/WARN] (Minecraft) Ignoring player info update for unknown player c719d7b1-7e70-36f0-a62e-c84dc5a3e219 ([UPDATE_GAME_MODE])
[21:15:39] [Render thread/WARN] (Minecraft) Ignoring player info update for unknown player c719d7b1-7e70-36f0-a62e-c84dc5a3e219 ([UPDATE_GAME_MODE])
[21:15:45] [Render thread/WARN] (Minecraft) Ignoring player info update for unknown player 026e5eae-0fdb-3abd-b5e4-f615bae13a41 ([UPDATE_GAME_MODE])
[21:15:45] [Render thread/WARN] (Minecraft) Ignoring player info update for unknown player ea836fe0-04c2-339a-a63a-f4a0f5d8436c ([UPDATE_GAME_MODE])
[21:15:46] [Render thread/WARN] (Minecraft) Ignoring player info update for unknown player 0ab9e3b7-4101-3940-bd25-41b7003920d4 ([UPDATE_GAME_MODE])
[21:15:46] [Render thread/WARN] (Minecraft) Ignoring player info update for unknown player bb564132-eb0c-3d00-8b33-421b26b5e79c ([UPDATE_GAME_MODE])
[21:15:46] [Render thread/WARN] (Minecraft) Ignoring player info update for unknown player 6fd212b8-e45d-3d88-9849-6ce34a15869c ([UPDATE_GAME_MODE])
[21:15:55] [Render thread/WARN] (Minecraft) Ignoring player info update for unknown player a9d393fa-b50a-3629-8099-5fe816918af7 ([UPDATE_GAME_MODE])
[21:15:55] [Render thread/INFO] (Minecraft) [STDOUT]: [DEBUG] Module Aura activated!
[21:15:57] [Render thread/INFO] (Minecraft) [STDOUT]: [DEBUG] Module Aura deactivated!
[21:15:59] [Render thread/INFO] (Minecraft) [STDOUT]: [DEBUG] Module Interface deactivated!
[21:15:59] [Render thread/INFO] (Minecraft) [STDOUT]: [DEBUG] Module Sprint deactivated!
[21:15:59] [Render thread/INFO] (Minecraft) [STDOUT]: [DEBUG] Module FixMovement deactivated!
[21:15:59] [Render thread/INFO] (Minecraft) [STDOUT]: [DEBUG] Module Unhook activated!
[21:16:00] [Render thread/INFO] (Minecraft) [System] [CHAT]  
[21:16:00] [Render thread/INFO] (Minecraft) [System] [CHAT]  ⚡ Наша группа ВК vk.com/funtime
[21:16:00] [Render thread/INFO] (Minecraft) [System] [CHAT]  
[21:16:02] [Render thread/WARN] (Minecraft) Ignoring player info update for unknown player ae432993-cca2-33e6-8452-2660ed7cabb8 ([UPDATE_GAME_MODE])
[21:16:07] [Render thread/WARN] (Minecraft) Ignoring player info update for unknown player 5f9f3dd3-02a8-35d5-a991-e51dbde184fd ([UPDATE_GAME_MODE])
[21:16:08] [Render thread/WARN] (Minecraft) Ignoring player info update for unknown player 43a7dfe7-ef59-3af8-87f7-54860e376235 ([UPDATE_GAME_MODE])
[21:16:08] [Render thread/INFO] (Minecraft) [System] [CHAT] .cfg save/load/delete/list <name>
